# JRE version: OpenJDK Runtime Environment (8.0_302-b08) (build 1.8.0_302-b08)
# Java VM: OpenJDK 64-Bit Server VM (25.302-b08 mixed mode windows-amd64 compressed oops)
Heap:
 PSYoungGen      total 9728K, used 5627K [0x00000000f5580000, 0x00000000f6000000, 0x0000000100000000)
  eden space 8704K, 55% used [0x00000000f5580000,0x00000000f5a3eef8,0x00000000f5e00000)
  from space 1024K, 75% used [0x00000000f5e00000,0x00000000f5ec0000,0x00000000f5f00000)
  to   space 1024K, 0% used [0x00000000f5f00000,0x00000000f5f00000,0x00000000f6000000)
 ParOldGen       total 22016K, used 10907K [0x00000000e0000000, 0x00000000e1580000, 0x00000000f5580000)
  object space 22016K, 49% used [0x00000000e0000000,0x00000000e0aa6d58,0x00000000e1580000)
 Metaspace       used 12355K, capacity 12540K, committed 12800K, reserved 1060864K
  class space    used 1345K, capacity 1418K, committed 1536K, reserved 1048576K
GC Heap History (10 events):
Event: 18.114 GC heap before
{Heap before GC invocations=3 (full 0):
 PSYoungGen      total 9728K, used 9712K [0x00000000f5580000, 0x00000000f6000000, 0x0000000100000000)
  eden space 8704K, 100% used [0x00000000f5580000,0x00000000f5e00000,0x00000000f5e00000)
  from space 1024K, 98% used [0x00000000f5f00000,0x00000000f5ffc328,0x00000000f6000000)
  to   space 1024K, 0% used [0x00000000f5e00000,0x00000000f5e00000,0x00000000f5f00000)
 ParOldGen       total 22016K, used 2599K [0x00000000e0000000, 0x00000000e1580000, 0x00000000f5580000)
  object space 22016K, 11% used [0x00000000e0000000,0x00000000e0289f00,0x00000000e1580000)
 Metaspace       used 8395K, capacity 9172K, committed 9472K, reserved 1058816K
  class space    used 883K, capacity 912K, committed 1024K, reserved 1048576K
Event: 18.204 GC heap after
Heap after GC invocations=3 (full 0):
 PSYoungGen      total 9728K, used 1024K [0x00000000f5580000, 0x00000000f6000000, 0x0000000100000000)
  eden space 8704K, 0% used [0x00000000f5580000,0x00000000f5580000,0x00000000f5e00000)
  from space 1024K, 100% used [0x00000000f5e00000,0x00000000f5f00000,0x00000000f5f00000)
  to   space 1024K, 0% used [0x00000000f5f00000,0x00000000f5f00000,0x00000000f6000000)
 ParOldGen       total 22016K, used 4686K [0x00000000e0000000, 0x00000000e1580000, 0x00000000f5580000)
  object space 22016K, 21% used [0x00000000e0000000,0x00000000e0493a88,0x00000000e1580000)
 Metaspace       used 8395K, capacity 9172K, committed 9472K, reserved 1058816K
  class space    used 883K, capacity 912K, committed 1024K, reserved 1048576K
}
Event: 19.562 GC heap before
{Heap before GC invocations=4 (full 0):
 PSYoungGen      total 9728K, used 9728K [0x00000000f5580000, 0x00000000f6000000, 0x0000000100000000)
  eden space 8704K, 100% used [0x00000000f5580000,0x00000000f5e00000,0x00000000f5e00000)
  from space 1024K, 100% used [0x00000000f5e00000,0x00000000f5f00000,0x00000000f5f00000)
  to   space 1024K, 0% used [0x00000000f5f00000,0x00000000f5f00000,0x00000000f6000000)
 ParOldGen       total 22016K, used 4686K [0x00000000e0000000, 0x00000000e1580000, 0x00000000f5580000)
  object space 22016K, 21% used [0x00000000e0000000,0x00000000e0493a88,0x00000000e1580000)
 Metaspace       used 9755K, capacity 10420K, committed 10624K, reserved 1058816K
  class space    used 1063K, capacity 1072K, committed 1152K, reserved 1048576K
Event: 19.576 GC heap after
Heap after GC invocations=4 (full 0):
 PSYoungGen      total 9728K, used 1024K [0x00000000f5580000, 0x00000000f6000000, 0x0000000100000000)
  eden space 8704K, 0% used [0x00000000f5580000,0x00000000f5580000,0x00000000f5e00000)
  from space 1024K, 100% used [0x00000000f5f00000,0x00000000f6000000,0x00000000f6000000)
  to   space 1024K, 0% used [0x00000000f5e00000,0x00000000f5e00000,0x00000000f5f00000)
 ParOldGen       total 22016K, used 6790K [0x00000000e0000000, 0x00000000e1580000, 0x00000000f5580000)
  object space 22016K, 30% used [0x00000000e0000000,0x00000000e06a1bf0,0x00000000e1580000)
 Metaspace       used 9755K, capacity 10420K, committed 10624K, reserved 1058816K
  class space    used 1063K, capacity 1072K, committed 1152K, reserved 1048576K
}
Event: 20.884 GC heap before
{Heap before GC invocations=5 (full 0):
 PSYoungGen      total 9728K, used 9728K [0x00000000f5580000, 0x00000000f6000000, 0x0000000100000000)
  eden space 8704K, 100% used [0x00000000f5580000,0x00000000f5e00000,0x00000000f5e00000)
  from space 1024K, 100% used [0x00000000f5f00000,0x00000000f6000000,0x00000000f6000000)
  to   space 1024K, 0% used [0x00000000f5e00000,0x00000000f5e00000,0x00000000f5f00000)
 ParOldGen       total 22016K, used 6790K [0x00000000e0000000, 0x00000000e1580000, 0x00000000f5580000)
  object space 22016K, 30% used [0x00000000e0000000,0x00000000e06a1bf0,0x00000000e1580000)
 Metaspace       used 10600K, capacity 11252K, committed 11520K, reserved 1058816K
  class space    used 1145K, capacity 1200K, committed 1280K, reserved 1048576K
Event: 20.898 GC heap after
Heap after GC invocations=5 (full 0):
 PSYoungGen      total 9728K, used 1024K [0x00000000f5580000, 0x00000000f6000000, 0x0000000100000000)
  eden space 8704K, 0% used [0x00000000f5580000,0x00000000f5580000,0x00000000f5e00000)
  from space 1024K, 100% used [0x00000000f5e00000,0x00000000f5f00000,0x00000000f5f00000)
  to   space 1024K, 0% used [0x00000000f5f00000,0x00000000f5f00000,0x00000000f6000000)
 ParOldGen       total 22016K, used 8996K [0x00000000e0000000, 0x00000000e1580000, 0x00000000f5580000)
  object space 22016K, 40% used [0x00000000e0000000,0x00000000e08c9130,0x00000000e1580000)
 Metaspace       used 10600K, capacity 11252K, committed 11520K, reserved 1058816K
  class space    used 1145K, capacity 1200K, committed 1280K, reserved 1048576K
}
Event: 23.487 GC heap before
{Heap before GC invocations=6 (full 0):
 PSYoungGen      total 9728K, used 9728K [0x00000000f5580000, 0x00000000f6000000, 0x0000000100000000)
  eden space 8704K, 100% used [0x00000000f5580000,0x00000000f5e00000,0x00000000f5e00000)
  from space 1024K, 100% used [0x00000000f5e00000,0x00000000f5f00000,0x00000000f5f00000)
  to   space 1024K, 0% used [0x00000000f5f00000,0x00000000f5f00000,0x00000000f6000000)
 ParOldGen       total 22016K, used 8996K [0x00000000e0000000, 0x00000000e1580000, 0x00000000f5580000)
  object space 22016K, 40% used [0x00000000e0000000,0x00000000e08c9130,0x00000000e1580000)
 Metaspace       used 12323K, capacity 12540K, committed 12800K, reserved 1060864K
  class space    used 1340K, capacity 1418K, committed 1536K, reserved 1048576K
Event: 23.508 GC heap after
Heap after GC invocations=6 (full 0):
 PSYoungGen      total 9728K, used 1024K [0x00000000f5580000, 0x00000000f6000000, 0x0000000100000000)
  eden space 8704K, 0% used [0x00000000f5580000,0x00000000f5580000,0x00000000f5e00000)
  from space 1024K, 100% used [0x00000000f5f00000,0x00000000f6000000,0x00000000f6000000)
  to   space 1024K, 0% used [0x00000000f5e00000,0x00000000f5e00000,0x00000000f5f00000)
 ParOldGen       total 22016K, used 10611K [0x00000000e0000000, 0x00000000e1580000, 0x00000000f5580000)
  object space 22016K, 48% used [0x00000000e0000000,0x00000000e0a5cd18,0x00000000e1580000)
 Metaspace       used 12323K, capacity 12540K, committed 12800K, reserved 1060864K
  class space    used 1340K, capacity 1418K, committed 1536K, reserved 1048576K
}
Event: 23.567 GC heap before
{Heap before GC invocations=7 (full 0):
 PSYoungGen      total 9728K, used 9728K [0x00000000f5580000, 0x00000000f6000000, 0x0000000100000000)
  eden space 8704K, 100% used [0x00000000f5580000,0x00000000f5e00000,0x00000000f5e00000)
  from space 1024K, 100% used [0x00000000f5f00000,0x00000000f6000000,0x00000000f6000000)
  to   space 1024K, 0% used [0x00000000f5e00000,0x00000000f5e00000,0x00000000f5f00000)
 ParOldGen       total 22016K, used 10611K [0x00000000e0000000, 0x00000000e1580000, 0x00000000f5580000)
  object space 22016K, 48% used [0x00000000e0000000,0x00000000e0a5cd18,0x00000000e1580000)
 Metaspace       used 12323K, capacity 12540K, committed 12800K, reserved 1060864K
  class space    used 1340K, capacity 1418K, committed 1536K, reserved 1048576K
Event: 23.584 GC heap after
Heap after GC invocations=7 (full 0):
 PSYoungGen      total 9728K, used 768K [0x00000000f5580000, 0x00000000f6000000, 0x0000000100000000)
  eden space 8704K, 0% used [0x00000000f5580000,0x00000000f5580000,0x00000000f5e00000)
  from space 1024K, 75% used [0x00000000f5e00000,0x00000000f5ec0000,0x00000000f5f00000)
  to   space 1024K, 0% used [0x00000000f5f00000,0x00000000f5f00000,0x00000000f6000000)
 ParOldGen       total 22016K, used 10907K [0x00000000e0000000, 0x00000000e1580000, 0x00000000f5580000)
  object space 22016K, 49% used [0x00000000e0000000,0x00000000e0aa6d58,0x00000000e1580000)
 Metaspace       used 12323K, capacity 12540K, committed 12800K, reserved 1060864K
  class space    used 1340K, capacity 1418K, committed 1536K, reserved 1048576K
}

