# JRE version: OpenJDK Runtime Environment (8.0_302-b08) (build 1.8.0_302-b08)
# Java VM: OpenJDK 64-Bit Server VM (25.302-b08 mixed mode windows-amd64 compressed oops)
Heap:
 PSYoungGen      total 18432K, used 5873K [0x00000000f5580000, 0x00000000f6880000, 0x0000000100000000)
  eden space 17408K, 27% used [0x00000000f5580000,0x00000000f5a3c460,0x00000000f6680000)
  from space 1024K, 100% used [0x00000000f6680000,0x00000000f6780000,0x00000000f6780000)
  to   space 1024K, 0% used [0x00000000f6780000,0x00000000f6780000,0x00000000f6880000)
 ParOldGen       total 22016K, used 10638K [0x00000000e0000000, 0x00000000e1580000, 0x00000000f5580000)
  object space 22016K, 48% used [0x00000000e0000000,0x00000000e0a638b0,0x00000000e1580000)
 Metaspace       used 12385K, capacity 12612K, committed 12800K, reserved 1060864K
  class space    used 1340K, capacity 1418K, committed 1536K, reserved 1048576K
GC Heap History (10 events):
Event: 6.047 GC heap before
{Heap before GC invocations=1 (full 0):
 PSYoungGen      total 9728K, used 8650K [0x00000000f5580000, 0x00000000f6000000, 0x0000000100000000)
  eden space 8704K, 99% used [0x00000000f5580000,0x00000000f5df2bc0,0x00000000f5e00000)
  from space 1024K, 0% used [0x00000000f5f00000,0x00000000f5f00000,0x00000000f6000000)
  to   space 1024K, 0% used [0x00000000f5e00000,0x00000000f5e00000,0x00000000f5f00000)
 ParOldGen       total 22016K, used 0K [0x00000000e0000000, 0x00000000e1580000, 0x00000000f5580000)
  object space 22016K, 0% used [0x00000000e0000000,0x00000000e0000000,0x00000000e1580000)
 Metaspace       used 5121K, capacity 6476K, committed 6784K, reserved 1056768K
  class space    used 451K, capacity 520K, committed 640K, reserved 1048576K
Event: 6.067 GC heap after
Heap after GC invocations=1 (full 0):
 PSYoungGen      total 9728K, used 1016K [0x00000000f5580000, 0x00000000f6000000, 0x0000000100000000)
  eden space 8704K, 0% used [0x00000000f5580000,0x00000000f5580000,0x00000000f5e00000)
  from space 1024K, 99% used [0x00000000f5e00000,0x00000000f5efe2d0,0x00000000f5f00000)
  to   space 1024K, 0% used [0x00000000f5f00000,0x00000000f5f00000,0x00000000f6000000)
 ParOldGen       total 22016K, used 898K [0x00000000e0000000, 0x00000000e1580000, 0x00000000f5580000)
  object space 22016K, 4% used [0x00000000e0000000,0x00000000e00e0800,0x00000000e1580000)
 Metaspace       used 5121K, capacity 6476K, committed 6784K, reserved 1056768K
  class space    used 451K, capacity 520K, committed 640K, reserved 1048576K
}
Event: 9.759 GC heap before
{Heap before GC invocations=2 (full 0):
 PSYoungGen      total 9728K, used 9720K [0x00000000f5580000, 0x00000000f6000000, 0x0000000100000000)
  eden space 8704K, 100% used [0x00000000f5580000,0x00000000f5e00000,0x00000000f5e00000)
  from space 1024K, 99% used [0x00000000f5e00000,0x00000000f5efe2d0,0x00000000f5f00000)
  to   space 1024K, 0% used [0x00000000f5f00000,0x00000000f5f00000,0x00000000f6000000)
 ParOldGen       total 22016K, used 898K [0x00000000e0000000, 0x00000000e1580000, 0x00000000f5580000)
  object space 22016K, 4% used [0x00000000e0000000,0x00000000e00e0800,0x00000000e1580000)
 Metaspace       used 6607K, capacity 7660K, committed 7936K, reserved 1056768K
  class space    used 640K, capacity 680K, committed 768K, reserved 1048576K
Event: 9.791 GC heap after
Heap after GC invocations=2 (full 0):
 PSYoungGen      total 9728K, used 1008K [0x00000000f5580000, 0x00000000f6000000, 0x0000000100000000)
  eden space 8704K, 0% used [0x00000000f5580000,0x00000000f5580000,0x00000000f5e00000)
  from space 1024K, 98% used [0x00000000f5f00000,0x00000000f5ffc328,0x00000000f6000000)
  to   space 1024K, 0% used [0x00000000f5e00000,0x00000000f5e00000,0x00000000f5f00000)
 ParOldGen       total 22016K, used 2639K [0x00000000e0000000, 0x00000000e1580000, 0x00000000f5580000)
  object space 22016K, 11% used [0x00000000e0000000,0x00000000e0293c30,0x00000000e1580000)
 Metaspace       used 6607K, capacity 7660K, committed 7936K, reserved 1056768K
  class space    used 640K, capacity 680K, committed 768K, reserved 1048576K
}
Event: 12.604 GC heap before
{Heap before GC invocations=3 (full 0):
 PSYoungGen      total 9728K, used 9712K [0x00000000f5580000, 0x00000000f6000000, 0x0000000100000000)
  eden space 8704K, 100% used [0x00000000f5580000,0x00000000f5e00000,0x00000000f5e00000)
  from space 1024K, 98% used [0x00000000f5f00000,0x00000000f5ffc328,0x00000000f6000000)
  to   space 1024K, 0% used [0x00000000f5e00000,0x00000000f5e00000,0x00000000f5f00000)
 ParOldGen       total 22016K, used 2639K [0x00000000e0000000, 0x00000000e1580000, 0x00000000f5580000)
  object space 22016K, 11% used [0x00000000e0000000,0x00000000e0293c30,0x00000000e1580000)
 Metaspace       used 8408K, capacity 9172K, committed 9472K, reserved 1058816K
  class space    used 883K, capacity 912K, committed 1024K, reserved 1048576K
Event: 12.725 GC heap after
Heap after GC invocations=3 (full 0):
 PSYoungGen      total 9728K, used 1024K [0x00000000f5580000, 0x00000000f6880000, 0x0000000100000000)
  eden space 8704K, 0% used [0x00000000f5580000,0x00000000f5580000,0x00000000f5e00000)
  from space 1024K, 100% used [0x00000000f5e00000,0x00000000f5f00000,0x00000000f5f00000)
  to   space 1024K, 0% used [0x00000000f6780000,0x00000000f6780000,0x00000000f6880000)
 ParOldGen       total 22016K, used 4680K [0x00000000e0000000, 0x00000000e1580000, 0x00000000f5580000)
  object space 22016K, 21% used [0x00000000e0000000,0x00000000e0492208,0x00000000e1580000)
 Metaspace       used 8408K, capacity 9172K, committed 9472K, reserved 1058816K
  class space    used 883K, capacity 912K, committed 1024K, reserved 1048576K
}
Event: 15.085 GC heap before
{Heap before GC invocations=4 (full 0):
 PSYoungGen      total 9728K, used 9728K [0x00000000f5580000, 0x00000000f6880000, 0x0000000100000000)
  eden space 8704K, 100% used [0x00000000f5580000,0x00000000f5e00000,0x00000000f5e00000)
  from space 1024K, 100% used [0x00000000f5e00000,0x00000000f5f00000,0x00000000f5f00000)
  to   space 1024K, 0% used [0x00000000f6780000,0x00000000f6780000,0x00000000f6880000)
 ParOldGen       total 22016K, used 4680K [0x00000000e0000000, 0x00000000e1580000, 0x00000000f5580000)
  object space 22016K, 21% used [0x00000000e0000000,0x00000000e0492208,0x00000000e1580000)
 Metaspace       used 9742K, capacity 10420K, committed 10624K, reserved 1058816K
  class space    used 1063K, capacity 1072K, committed 1152K, reserved 1048576K
Event: 15.146 GC heap after
Heap after GC invocations=4 (full 0):
 PSYoungGen      total 18432K, used 1024K [0x00000000f5580000, 0x00000000f6880000, 0x0000000100000000)
  eden space 17408K, 0% used [0x00000000f5580000,0x00000000f5580000,0x00000000f6680000)
  from space 1024K, 100% used [0x00000000f6780000,0x00000000f6880000,0x00000000f6880000)
  to   space 1024K, 0% used [0x00000000f6680000,0x00000000f6680000,0x00000000f6780000)
 ParOldGen       total 22016K, used 6802K [0x00000000e0000000, 0x00000000e1580000, 0x00000000f5580000)
  object space 22016K, 30% used [0x00000000e0000000,0x00000000e06a4be0,0x00000000e1580000)
 Metaspace       used 9742K, capacity 10420K, committed 10624K, reserved 1058816K
  class space    used 1063K, capacity 1072K, committed 1152K, reserved 1048576K
}
Event: 22.498 GC heap before
{Heap before GC invocations=5 (full 0):
 PSYoungGen      total 18432K, used 18432K [0x00000000f5580000, 0x00000000f6880000, 0x0000000100000000)
  eden space 17408K, 100% used [0x00000000f5580000,0x00000000f6680000,0x00000000f6680000)
  from space 1024K, 100% used [0x00000000f6780000,0x00000000f6880000,0x00000000f6880000)
  to   space 1024K, 0% used [0x00000000f6680000,0x00000000f6680000,0x00000000f6780000)
 ParOldGen       total 22016K, used 6802K [0x00000000e0000000, 0x00000000e1580000, 0x00000000f5580000)
  object space 22016K, 30% used [0x00000000e0000000,0x00000000e06a4be0,0x00000000e1580000)
 Metaspace       used 12385K, capacity 12612K, committed 12800K, reserved 1060864K
  class space    used 1340K, capacity 1418K, committed 1536K, reserved 1048576K
Event: 22.608 GC heap after
Heap after GC invocations=5 (full 0):
 PSYoungGen      total 18432K, used 1024K [0x00000000f5580000, 0x00000000f6880000, 0x0000000100000000)
  eden space 17408K, 0% used [0x00000000f5580000,0x00000000f5580000,0x00000000f6680000)
  from space 1024K, 100% used [0x00000000f6680000,0x00000000f6780000,0x00000000f6780000)
  to   space 1024K, 0% used [0x00000000f6780000,0x00000000f6780000,0x00000000f6880000)
 ParOldGen       total 22016K, used 10638K [0x00000000e0000000, 0x00000000e1580000, 0x00000000f5580000)
  object space 22016K, 48% used [0x00000000e0000000,0x00000000e0a638b0,0x00000000e1580000)
 Metaspace       used 12385K, capacity 12612K, committed 12800K, reserved 1060864K
  class space    used 1340K, capacity 1418K, committed 1536K, reserved 1048576K
}

